#
# There is insufficient memory for the Java Runtime Environment to continue.
# Native memory allocation (malloc) failed to allocate 417456 bytes for Chunk::new
# Possible reasons:
#   The system is out of physical RAM or swap space
#   In 32 bit mode, the process size limit was hit
# Possible solutions:
#   Reduce memory load on the system
#   Increase physical memory or swap space
#   Check if swap backing store is full
#   Use 64 bit Java on a 64 bit OS
#   Decrease Java heap size (-Xmx/-Xms)
#   Decrease number of Java threads
#   Decrease Java thread stack sizes (-Xss)
#   Set larger code cache with -XX:ReservedCodeCacheSize=
# This output file may be truncated or incomplete.
#
#  Out of Memory Error (allocation.cpp:323), pid=6924, tid=8420
#
# JRE version: Java(TM) SE Runtime Environment (7.0_79-b15) (build 1.7.0_79-b15)
# Java VM: Java HotSpot(TM) 64-Bit Server VM (24.79-b02 mixed mode windows-amd64 compressed oops)
# Failed to write core dump. Minidumps are not enabled by default on client versions of Windows
#

---------------  T H R E A D  ---------------

Current thread (0x0000000008c7d000):  JavaThread "C2 CompilerThread0" daemon [_thread_in_native, id=8420, stack(0x000000000a1e0000,0x000000000a2e0000)]

Stack: [0x000000000a1e0000,0x000000000a2e0000]

Current CompileTask:
C2:    922  166             com.android.dx.ssa.SsaConverter::placePhiFunctions (394 bytes)


---------------  P R O C E S S  ---------------

Java Threads: ( => current thread )
  0x000000000a6e0000 JavaThread "pool-1-thread-4" [_thread_blocked, id=7860, stack(0x000000000ade0000,0x000000000aee0000)]
  0x000000000a6df800 JavaThread "pool-1-thread-3" [_thread_blocked, id=6988, stack(0x000000000ace0000,0x000000000ade0000)]
  0x000000000a73c800 JavaThread "pool-1-thread-2" [_thread_blocked, id=9168, stack(0x000000000abe0000,0x000000000ace0000)]
  0x000000000a635800 JavaThread "pool-2-thread-1" [_thread_blocked, id=7080, stack(0x000000000aae0000,0x000000000abe0000)]
  0x000000000a634000 JavaThread "pool-1-thread-1" [_thread_in_vm, id=9904, stack(0x000000000a9e0000,0x000000000aae0000)]
  0x0000000008c89000 JavaThread "Service Thread" daemon [_thread_blocked, id=8248, stack(0x000000000a3e0000,0x000000000a4e0000)]
  0x0000000008c82000 JavaThread "C2 CompilerThread1" daemon [_thread_in_native, id=5940, stack(0x000000000a2e0000,0x000000000a3e0000)]
=>0x0000000008c7d000 JavaThread "C2 CompilerThread0" daemon [_thread_in_native, id=8420, stack(0x000000000a1e0000,0x000000000a2e0000)]
  0x0000000008c7c000 JavaThread "Attach Listener" daemon [_thread_blocked, id=4680, stack(0x000000000a0e0000,0x000000000a1e0000)]
  0x0000000008c79000 JavaThread "Signal Dispatcher" daemon [_thread_blocked, id=7980, stack(0x0000000009fe0000,0x000000000a0e0000)]
  0x0000000008c3f000 JavaThread "Finalizer" daemon [_thread_blocked, id=8012, stack(0x0000000009ee0000,0x0000000009fe0000)]
  0x0000000008c35800 JavaThread "Reference Handler" daemon [_thread_blocked, id=7964, stack(0x0000000009de0000,0x0000000009ee0000)]
  0x0000000002b9e000 JavaThread "main" [_thread_in_native, id=3772, stack(0x0000000002ca0000,0x0000000002da0000)]

Other Threads:
  0x0000000008c31800 VMThread [stack: 0x0000000009ce0000,0x0000000009de0000] [id=7640]
  0x0000000008c9b800 WatcherThread [stack: 0x000000000a4e0000,0x000000000a5e0000] [id=9740]

VM state:not at safepoint (normal execution)

VM Mutex/Monitor currently owned by a thread: None

Heap
 PSYoungGen      total 38400K, used 28005K [0x00000000eaa80000, 0x00000000ed500000, 0x0000000100000000)
  eden space 33280K, 84% used [0x00000000eaa80000,0x00000000ec5d96b8,0x00000000ecb00000)
  from space 5120K, 0% used [0x00000000ed000000,0x00000000ed000000,0x00000000ed500000)
  to   space 5120K, 0% used [0x00000000ecb00000,0x00000000ecb00000,0x00000000ed000000)
 ParOldGen       total 86016K, used 0K [0x00000000c0000000, 0x00000000c5400000, 0x00000000eaa80000)
  object space 86016K, 0% used [0x00000000c0000000,0x00000000c0000000,0x00000000c5400000)
 PSPermGen       total 21504K, used 5351K [0x00000000bae00000, 0x00000000bc300000, 0x00000000c0000000)
  object space 21504K, 24% used [0x00000000bae00000,0x00000000bb339e88,0x00000000bc300000)

Card table byte_map: [0x0000000005ea0000,0x00000000060d0000] byte_map_base: 0x00000000058c9000

Polling page: 0x00000000012a0000

Code Cache  [0x0000000002ea0000, 0x0000000003110000, 0x0000000005ea0000)
 total_blobs=392 nmethods=178 adapters=166 free_code_cache=48480Kb largest_free_block=49628096

Compilation events (10 events):
Event: 0.841 Thread 0x0000000008c82000 nmethod 175 0x0000000002f39e90 code [0x0000000002f39fe0, 0x0000000002f3a3a8]
Event: 0.841 Thread 0x0000000008c82000  176             com.android.dx.rop.cst.CstMemberRef::compareTo0 (49 bytes)
Event: 0.844 Thread 0x0000000008c82000 nmethod 176 0x0000000002f395d0 code [0x0000000002f39720, 0x0000000002f39ab8]
Event: 0.844 Thread 0x0000000008c82000  177             com.android.dx.util.ByteArray::getByte0 (12 bytes)
Event: 0.845 Thread 0x0000000008c82000 nmethod 177 0x0000000002f39310 code [0x0000000002f39440, 0x0000000002f394d8]
Event: 0.845 Thread 0x0000000008c82000  178             com.android.dx.rop.cst.CstString::getString (5 bytes)
Event: 0.845 Thread 0x0000000008c82000 nmethod 178 0x0000000002f3e750 code [0x0000000002f3e880, 0x0000000002f3e8d8]
Event: 0.845 Thread 0x0000000008c82000  179             com.android.dx.cf.direct.DirectClassFile::parseToInterfacesIfNecessary (13 bytes)
Event: 0.846 Thread 0x0000000008c82000 nmethod 179 0x0000000002f4a250 code [0x0000000002f4a3a0, 0x0000000002f4a428]
Event: 0.846 Thread 0x0000000008c82000  180             com.android.dx.ssa.back.LivenessAnalyzer::run (231 bytes)

GC Heap History (0 events):
No events

Deoptimization events (10 events):
Event: 0.536 Thread 0x000000000a6df800 Uncommon trap: reason=unreached action=reinterpret pc=0x0000000002f165a4 method=com.android.dx.rop.code.RopMethod.calcPredecessors()V @ 115
Event: 0.539 Thread 0x000000000a6df800 Uncommon trap: reason=bimorphic action=maybe_recompile pc=0x0000000002f10bc8 method=java.util.HashMap.getEntry(Ljava/lang/Object;)Ljava/util/HashMap$Entry; @ 68
Event: 0.539 Thread 0x000000000a6df800 Uncommon trap: reason=class_check action=maybe_recompile pc=0x0000000002f1ad3c method=com.android.dx.ssa.SsaBasicBlock.forEachInsn(Lcom/android/dx/ssa/SsaInsn$Visitor;)V @ 23
Event: 0.539 Thread 0x000000000a6df800 Uncommon trap: reason=class_check action=maybe_recompile pc=0x0000000002f1ad3c method=com.android.dx.ssa.SsaBasicBlock.forEachInsn(Lcom/android/dx/ssa/SsaInsn$Visitor;)V @ 23
Event: 0.539 Thread 0x000000000a6df800 Uncommon trap: reason=class_check action=maybe_recompile pc=0x0000000002f1ad3c method=com.android.dx.ssa.SsaBasicBlock.forEachInsn(Lcom/android/dx/ssa/SsaInsn$Visitor;)V @ 23
Event: 0.539 Thread 0x000000000a6df800 Uncommon trap: reason=class_check action=maybe_recompile pc=0x0000000002f1ad3c method=com.android.dx.ssa.SsaBasicBlock.forEachInsn(Lcom/android/dx/ssa/SsaInsn$Visitor;)V @ 23
Event: 0.547 Thread 0x0000000002b9e000 Uncommon trap: reason=bimorphic action=maybe_recompile pc=0x0000000002f10bc8 method=java.util.HashMap.getEntry(Ljava/lang/Object;)Ljava/util/HashMap$Entry; @ 68
Event: 0.646 Thread 0x000000000a6df800 Uncommon trap: reason=null_check action=make_not_entrant pc=0x0000000002f311ec method=com.android.dx.rop.code.LocalItem.equals(Ljava/lang/Object;)Z @ 1
Event: 0.845 Thread 0x000000000a73c800 Uncommon trap: reason=class_check action=maybe_recompile pc=0x0000000002f36900 method=java.util.HashMap.put(Ljava/lang/Object;Ljava/lang/Object;)Ljava/lang/Object; @ 83
Event: 0.845 Thread 0x000000000a73c800 Uncommon trap: reason=class_check action=maybe_recompile pc=0x0000000002f36900 method=java.util.HashMap.put(Ljava/lang/Object;Ljava/lang/Object;)Ljava/lang/Object; @ 83

Internal exceptions (10 events):
Event: 0.526 Thread 0x0000000002b9e000 Threw 0x00000000eb7b4c60 at C:\re\jdk7u79\2331\hotspot\src\share\vm\prims\jvm.cpp:1304
Event: 0.528 Thread 0x0000000002b9e000 Threw 0x00000000eb7be1d8 at C:\re\jdk7u79\2331\hotspot\src\share\vm\prims\jvm.cpp:1304
Event: 0.538 Thread 0x000000000a6df800 Threw 0x00000000eb8e8018 at C:\re\jdk7u79\2331\hotspot\src\share\vm\prims\jvm.cpp:1304
Event: 0.547 Thread 0x0000000002b9e000 Threw 0x00000000eb7c8d40 at C:\re\jdk7u79\2331\hotspot\src\share\vm\prims\jvm.cpp:1304
Event: 0.549 Thread 0x0000000002b9e000 Threw 0x00000000eb7ce448 at C:\re\jdk7u79\2331\hotspot\src\share\vm\prims\jvm.cpp:1304
Event: 0.550 Thread 0x0000000002b9e000 Threw 0x00000000eb7d2ea8 at C:\re\jdk7u79\2331\hotspot\src\share\vm\prims\jvm.cpp:1304
Event: 0.561 Thread 0x000000000a73c800 Threw 0x00000000eb6a9c80 at C:\re\jdk7u79\2331\hotspot\src\share\vm\prims\jvm.cpp:1304
Event: 0.605 Thread 0x000000000a73c800 Threw 0x00000000ebb18ad0 at C:\re\jdk7u79\2331\hotspot\src\share\vm\prims\jvm.cpp:1304
Event: 0.643 Thread 0x000000000a6df800 Threw 0x00000000eb930ee0 at C:\re\jdk7u79\2331\hotspot\src\share\vm\prims\jvm.cpp:1304
Event: 0.646 Thread 0x000000000a6df800 Implicit null exception at 0x0000000002f30dde to 0x0000000002f311d5

Events (10 events):
Event: 0.646 Thread 0x000000000a6df800 DEOPT PACKING pc=0x0000000002f311ec sp=0x000000000adde700
Event: 0.646 Thread 0x000000000a6df800 DEOPT UNPACKING pc=0x0000000002ed75a4 sp=0x000000000adde650 mode 2
Event: 0.653 loading class 0x0000000002e1ed00
Event: 0.654 loading class 0x0000000002e1ed00 done
Event: 0.845 Thread 0x000000000a73c800 Uncommon trap: trap_request=0xffffffde fr.pc=0x0000000002f36900
Event: 0.845 Thread 0x000000000a73c800 DEOPT PACKING pc=0x0000000002f36900 sp=0x000000000acdee20
Event: 0.845 Thread 0x000000000a73c800 DEOPT UNPACKING pc=0x0000000002ed75a4 sp=0x000000000acdedc8 mode 2
Event: 0.845 Thread 0x000000000a73c800 Uncommon trap: trap_request=0xffffffde fr.pc=0x0000000002f36900
Event: 0.845 Thread 0x000000000a73c800 DEOPT PACKING pc=0x0000000002f36900 sp=0x000000000acdee20
Event: 0.845 Thread 0x000000000a73c800 DEOPT UNPACKING pc=0x0000000002ed75a4 sp=0x000000000acdedc8 mode 2


Dynamic libraries:
0x00007ff77e5c0000 - 0x00007ff77e5f3000 	C:\Program Files\Java\jdk1.7.0_79\bin\java.exe
0x00007ff9c5320000 - 0x00007ff9c54e5000 	C:\WINDOWS\SYSTEM32\ntdll.dll
0x00007ff9c49b0000 - 0x00007ff9c4a5e000 	C:\WINDOWS\system32\KERNEL32.DLL
0x00007ff9c2630000 - 0x00007ff9c2813000 	C:\WINDOWS\system32\KERNELBASE.dll
0x00007ff9c4900000 - 0x00007ff9c49a6000 	C:\WINDOWS\system32\ADVAPI32.dll
0x00007ff9c51d0000 - 0x00007ff9c526d000 	C:\WINDOWS\system32\msvcrt.dll
0x00007ff9c4430000 - 0x00007ff9c448a000 	C:\WINDOWS\system32\sechost.dll
0x00007ff9c29f0000 - 0x00007ff9c2b16000 	C:\WINDOWS\system32\RPCRT4.dll
0x00007ff9c4d60000 - 0x00007ff9c4eb6000 	C:\WINDOWS\system32\USER32.dll
0x00007ff9c2b60000 - 0x00007ff9c2ce8000 	C:\WINDOWS\system32\GDI32.dll
0x00007ff9bc000000 - 0x00007ff9bc272000 	C:\WINDOWS\WinSxS\amd64_microsoft.windows.common-controls_6595b64144ccf1df_6.0.10532.0_none_8c11ad9e5161b531\COMCTL32.dll
0x00007ff9c2b20000 - 0x00007ff9c2b5b000 	C:\WINDOWS\system32\IMM32.DLL
0x00000000652f0000 - 0x00000000653c2000 	C:\Program Files\Java\jdk1.7.0_79\jre\bin\msvcr100.dll
0x0000000065780000 - 0x0000000065f55000 	C:\Program Files\Java\jdk1.7.0_79\jre\bin\server\jvm.dll
0x00007ff9c2820000 - 0x00007ff9c2828000 	C:\WINDOWS\system32\PSAPI.DLL
0x00007ff9bed50000 - 0x00007ff9bed59000 	C:\WINDOWS\SYSTEM32\WSOCK32.dll
0x00007ff9c0210000 - 0x00007ff9c0233000 	C:\WINDOWS\SYSTEM32\WINMM.dll
0x00007ff9c4a60000 - 0x00007ff9c4ac9000 	C:\WINDOWS\system32\WS2_32.dll
0x0000000001240000 - 0x000000000126c000 	C:\WINDOWS\SYSTEM32\WINMMBASE.dll
0x00007ff9c2250000 - 0x00007ff9c2294000 	C:\WINDOWS\system32\cfgmgr32.dll
0x00007ff9c0530000 - 0x00007ff9c0557000 	C:\WINDOWS\SYSTEM32\DEVOBJ.dll
0x0000000065770000 - 0x000000006577f000 	C:\Program Files\Java\jdk1.7.0_79\jre\bin\verify.dll
0x0000000065740000 - 0x0000000065768000 	C:\Program Files\Java\jdk1.7.0_79\jre\bin\java.dll
0x0000000065720000 - 0x0000000065735000 	C:\Program Files\Java\jdk1.7.0_79\jre\bin\zip.dll

VM Arguments:
jvm_args: -Xmx1024M -Dfile.encoding=windows-1250 -Duser.country=US -Duser.language=en -Duser.variant 
java_command: com.android.dx.command.Main --dex --num-threads=4 --output C:\Users\janez\AndroidStudioProjects\Skavt\app\build\intermediates\dex\debug C:\Users\janez\AndroidStudioProjects\Skavt\app\build\intermediates\classes\debug C:\Users\janez\AndroidStudioProjects\Skavt\app\build\intermediates\pre-dexed\debug\support-annotations-23.1.0-b4c8a33985cbf808b15d18c5a213a225e471e5d6.jar C:\Users\janez\AndroidStudioProjects\Skavt\app\build\intermediates\pre-dexed\debug\classes-0f6e717f24b0917b25429560284be65b4635fee4.jar C:\Users\janez\AndroidStudioProjects\Skavt\app\build\intermediates\pre-dexed\debug\internal_impl-23.1.0-076608fea4c678370d589e1e66c9e2beb1299383.jar C:\Users\janez\AndroidStudioProjects\Skavt\app\build\intermediates\pre-dexed\debug\classes-3ddc2bc0ce151f53fa9f6fd78128aeb5875ba461.jar C:\Users\janez\AndroidStudioProjects\Skavt\app\build\intermediates\pre-dexed\debug\classes-47c1c2ca933f732f8caab6668189b5631a0d6be0.jar C:\Users\janez\AndroidStudioProjects\Skavt\app\build\intermediates\pre-dexed\debug\classes-ae6dcd99848bc0420b3763622d59b8023331c45d.jar
Launcher Type: SUN_STANDARD

Environment Variables:
PATH=C:\WINDOWS\system32;C:\WINDOWS;C:\WINDOWS\System32\Wbem;C:\WINDOWS\System32\WindowsPowerShell\v1.0\;C:\Users\janez\.dnx\bin;C:\Program Files\Microsoft DNX\Dnvm\;C:\Program Files (x86)\Windows Kits\10\Windows Performance Toolkit\;C:\Program Files (x86)\Skype\Phone\;C:\Program Files (x86)\MiKTeX 2.9\miktex\bin\;D:\Programi\Vagrant\bin;C:\Program Files\Git\cmd;C:\Program Files\Git\mingw64\bin;C:\Program Files\Git\usr\bin;C:\Program Files\Microsoft SQL Server\120\Tools\Binn\;C:\Program Files\Microsoft SQL Server\Client SDK\ODBC\110\Tools\Binn\;C:\Program Files (x86)\Microsoft SQL Server\120\Tools\Binn\;C:\Program Files\Microsoft SQL Server\120\DTS\Binn\;C:\Program Files (x86)\Microsoft SQL Server\120\Tools\Binn\ManagementStudio\;C:\Program Files (x86)\Microsoft SQL Server\120\DTS\Binn\;C:\Users\janez\.dnx\bin
USERNAME=janez
OS=Windows_NT
PROCESSOR_IDENTIFIER=Intel64 Family 6 Model 69 Stepping 1, GenuineIntel



---------------  S Y S T E M  ---------------

OS: Windows 8.1 , 64 bit Build 9600 

CPU:total 4 (2 cores per cpu, 2 threads per core) family 6 model 69 stepping 1, cmov, cx8, fxsr, mmx, sse, sse2, sse3, ssse3, sse4.1, sse4.2, popcnt, avx, avx2, aes, erms, ht, tsc, tscinvbit

Memory: 4k page, physical 8268908k(538196k free), swap 12653136k(5244k free)

vm_info: Java HotSpot(TM) 64-Bit Server VM (24.79-b02) for windows-amd64 JRE (1.7.0_79-b15), built on Apr 10 2015 12:36:16 by "java_re" with unknown MS VC++:1600

time: Thu Dec 17 19:02:42 2015
elapsed time: 0 seconds

